Arguments: 
  /Users/gksander/.nvm/versions/node/v16.15.1/bin/node /Users/gksander/.nvm/versions/node/v16.15.1/bin/yarn

PATH: 
  /opt/homebrew/bin:/opt/homebrew/sbin:/Users/gksander/.nvm/versions/node/v16.15.1/bin:/Users/gksander/bin:/usr/local/bin:/usr/local/bin:/usr/bin:/bin:/usr/sbin:/sbin:/Library/Apple/usr/bin:/Users/gksander/GitHub/rn-styler/node_modules/.bin:/Users/gksander/jetbrains:/Users/gksander/Library/Android/sdk/emulator:/Users/gksander/Library/Android/sdk/platform-tools

Yarn version: 
  1.22.18

Node version: 
  16.15.1

Platform: 
  darwin arm64

Trace: 
  SyntaxError: /Users/gksander/GitHub/rn-styler/packages/core/package.json: Unexpected token } in JSON at position 210
      at JSON.parse (<anonymous>)
      at /Users/gksander/.nvm/versions/node/v16.15.1/lib/node_modules/yarn/lib/cli.js:1625:59
      at Generator.next (<anonymous>)
      at step (/Users/gksander/.nvm/versions/node/v16.15.1/lib/node_modules/yarn/lib/cli.js:310:30)
      at /Users/gksander/.nvm/versions/node/v16.15.1/lib/node_modules/yarn/lib/cli.js:321:13

npm manifest: 
  {
    "name": "rn-styler-core",
    "version": "0.0.1",
    "main": "dist/index.js",
    "types": "dist/index.d.ts",
    "license": "MIT",
    "files": [
      "dist/"
    ],
    "devDependencies": {
      "nodemon": "^2.0.16",
    },
    "scripts": {
      "build": "rm -rf dist && tsc",
      "dev": "tsc --watch"
    }
  }

yarn manifest: 
  No manifest

Lockfile: 
  No lockfile
